[debug] [2021-03-27T18:25:46.185Z] ----------------------------------------------------------------------
[debug] [2021-03-27T18:25:46.188Z] Command:       C:\Program Files\nodejs\node.exe C:\Users\nikic\AppData\Roaming\npm\node_modules\firebase-tools\lib\bin\firebase.js deploy
[debug] [2021-03-27T18:25:46.188Z] CLI Version:   9.6.1
[debug] [2021-03-27T18:25:46.188Z] Platform:      win32
[debug] [2021-03-27T18:25:46.188Z] Node Version:  v12.16.1
[debug] [2021-03-27T18:25:46.190Z] Time:          Sat Mar 27 2021 20:25:46 GMT+0200 (Eastern European Standard Time)
[debug] [2021-03-27T18:25:46.190Z] ----------------------------------------------------------------------
[debug] [2021-03-27T18:25:46.190Z] 
[debug] [2021-03-27T18:25:46.201Z] > command requires scopes: ["email","openid","https://www.googleapis.com/auth/cloudplatformprojects.readonly","https://www.googleapis.com/auth/firebase","https://www.googleapis.com/auth/cloud-platform"]
[debug] [2021-03-27T18:25:46.202Z] > authorizing via signed-in user
[debug] [2021-03-27T18:25:46.202Z] [iam] checking project lol-tp for permissions ["cloudfunctions.functions.create","cloudfunctions.functions.delete","cloudfunctions.functions.get","cloudfunctions.functions.list","cloudfunctions.functions.update","cloudfunctions.operations.get","firebase.projects.get","firebasehosting.sites.update"]
[debug] [2021-03-27T18:25:46.205Z] > refreshing access token with scopes: ["email","https://www.googleapis.com/auth/cloud-platform","https://www.googleapis.com/auth/cloudplatformprojects.readonly","https://www.googleapis.com/auth/firebase","openid"]
[debug] [2021-03-27T18:25:46.205Z] >>> HTTP REQUEST POST https://www.googleapis.com/oauth2/v3/token  
 <request body omitted>
[debug] [2021-03-27T18:25:46.509Z] <<< HTTP RESPONSE 200 {"expires":"Mon, 01 Jan 1990 00:00:00 GMT","pragma":"no-cache","cache-control":"no-cache, no-store, max-age=0, must-revalidate","date":"Sat, 27 Mar 2021 18:25:46 GMT","content-type":"application/json; charset=utf-8","vary":"X-Origin, Referer, Origin,Accept-Encoding","server":"scaffolding on HTTPServer2","x-xss-protection":"0","x-frame-options":"SAMEORIGIN","x-content-type-options":"nosniff","alt-svc":"h3-29=\":443\"; ma=2592000,h3-T051=\":443\"; ma=2592000,h3-Q050=\":443\"; ma=2592000,h3-Q046=\":443\"; ma=2592000,h3-Q043=\":443\"; ma=2592000,quic=\":443\"; ma=2592000; v=\"46,43\"","accept-ranges":"none","transfer-encoding":"chunked"}
[debug] [2021-03-27T18:25:46.574Z] >>> HTTP REQUEST POST https://cloudresourcemanager.googleapis.com/v1/projects/lol-tp:testIamPermissions  
 {"permissions":["cloudfunctions.functions.create","cloudfunctions.functions.delete","cloudfunctions.functions.get","cloudfunctions.functions.list","cloudfunctions.functions.update","cloudfunctions.operations.get","firebase.projects.get","firebasehosting.sites.update"]}
[debug] [2021-03-27T18:25:47.611Z] <<< HTTP RESPONSE 200 {"content-type":"application/json; charset=UTF-8","vary":"X-Origin, Referer, Origin,Accept-Encoding","date":"Sat, 27 Mar 2021 18:25:47 GMT","server":"ESF","cache-control":"private","x-xss-protection":"0","x-frame-options":"SAMEORIGIN","x-content-type-options":"nosniff","server-timing":"gfet4t7; dur=778","alt-svc":"h3-29=\":443\"; ma=2592000,h3-T051=\":443\"; ma=2592000,h3-Q050=\":443\"; ma=2592000,h3-Q046=\":443\"; ma=2592000,h3-Q043=\":443\"; ma=2592000,quic=\":443\"; ma=2592000; v=\"46,43\"","accept-ranges":"none","transfer-encoding":"chunked"}
[debug] [2021-03-27T18:25:47.614Z] >>> HTTP REQUEST POST https://iam.googleapis.com/v1/projects/lol-tp/serviceAccounts/lol-tp@appspot.gserviceaccount.com:testIamPermissions  
 {"permissions":["iam.serviceAccounts.actAs"]}
[debug] [2021-03-27T18:25:48.635Z] <<< HTTP RESPONSE 200 {"content-type":"application/json; charset=UTF-8","vary":"X-Origin, Referer, Origin,Accept-Encoding","date":"Sat, 27 Mar 2021 18:25:48 GMT","server":"ESF","cache-control":"private","x-xss-protection":"0","x-frame-options":"SAMEORIGIN","x-content-type-options":"nosniff","alt-svc":"h3-29=\":443\"; ma=2592000,h3-T051=\":443\"; ma=2592000,h3-Q050=\":443\"; ma=2592000,h3-Q046=\":443\"; ma=2592000,h3-Q043=\":443\"; ma=2592000,quic=\":443\"; ma=2592000; v=\"46,43\"","accept-ranges":"none","transfer-encoding":"chunked"}
[debug] [2021-03-27T18:25:48.639Z] > refreshing access token with scopes: []
[debug] [2021-03-27T18:25:48.639Z] >>> HTTP REQUEST POST https://www.googleapis.com/oauth2/v3/token  
 <request body omitted>
[debug] [2021-03-27T18:25:48.838Z] <<< HTTP RESPONSE 200 {"pragma":"no-cache","cache-control":"no-cache, no-store, max-age=0, must-revalidate","date":"Sat, 27 Mar 2021 18:25:49 GMT","expires":"Mon, 01 Jan 1990 00:00:00 GMT","content-type":"application/json; charset=utf-8","vary":"X-Origin, Referer, Origin,Accept-Encoding","server":"scaffolding on HTTPServer2","x-xss-protection":"0","x-frame-options":"SAMEORIGIN","x-content-type-options":"nosniff","alt-svc":"h3-29=\":443\"; ma=2592000,h3-T051=\":443\"; ma=2592000,h3-Q050=\":443\"; ma=2592000,h3-Q046=\":443\"; ma=2592000,h3-Q043=\":443\"; ma=2592000,quic=\":443\"; ma=2592000; v=\"46,43\"","accept-ranges":"none","transfer-encoding":"chunked"}
[debug] [2021-03-27T18:25:48.902Z] >>> [apiv2][query] GET https://firebase.googleapis.com/v1beta1/projects/lol-tp [none]
[debug] [2021-03-27T18:25:49.345Z] <<< [apiv2][status] GET https://firebase.googleapis.com/v1beta1/projects/lol-tp 200
[debug] [2021-03-27T18:25:49.346Z] <<< [apiv2][body] GET https://firebase.googleapis.com/v1beta1/projects/lol-tp {"projectId":"lol-tp","projectNumber":"974599676118","displayName":"lol-tp","name":"projects/lol-tp","resources":{"hostingSite":"lol-tp","realtimeDatabaseInstance":"lol-tp-default-rtdb","storageBucket":"lol-tp.appspot.com","locationId":"europe-west"},"state":"ACTIVE"}
[debug] [2021-03-27T18:25:49.351Z] TypeError [ERR_INVALID_ARG_TYPE]: The "path" argument must be of type string. Received undefined
    at validateString (internal/validators.js:117:11)
    at Object.join (path.js:375:7)
    at Object.checkFunctionsSDKVersion [as fn] (C:\Users\nikic\AppData\Roaming\npm\node_modules\firebase-tools\lib\checkFirebaseSDKVersion.js:34:28)
    at C:\Users\nikic\AppData\Roaming\npm\node_modules\firebase-tools\lib\command.js:161:30
    at processTicksAndRejections (internal/process/task_queues.js:97:5)
[error] 
[error] Error: An unexpected error has occurred.
